<?xml version="1.0" encoding="UTF-8"?>
<testsuite name="com.algonquincollege.cst8277.models.PlatformUserRoleTestSuite" time="0.27" tests="13" errors="0" skipped="0" failures="0">
  <properties>
    <property name="java.runtime.name" value="Java(TM) SE Runtime Environment"/>
    <property name="sun.boot.library.path" value="C:\Java\jdk1.8.0_192\jre\bin"/>
    <property name="java.vm.version" value="25.192-b12"/>
    <property name="java.vm.vendor" value="Oracle Corporation"/>
    <property name="maven.multiModuleProjectDirectory" value="C:\Users\zeyan\cst8277RestDemo"/>
    <property name="java.vendor.url" value="http://java.oracle.com/"/>
    <property name="path.separator" value=";"/>
    <property name="guice.disable.misplaced.annotation.check" value="true"/>
    <property name="java.vm.name" value="Java HotSpot(TM) 64-Bit Server VM"/>
    <property name="file.encoding.pkg" value="sun.io"/>
    <property name="user.script" value=""/>
    <property name="user.country" value="CA"/>
    <property name="sun.java.launcher" value="SUN_STANDARD"/>
    <property name="sun.os.patch.level" value=""/>
    <property name="java.vm.specification.name" value="Java Virtual Machine Specification"/>
    <property name="user.dir" value="C:\Users\zeyan\cst8277RestDemo"/>
    <property name="java.runtime.version" value="1.8.0_192-b12"/>
    <property name="java.awt.graphicsenv" value="sun.awt.Win32GraphicsEnvironment"/>
    <property name="java.endorsed.dirs" value="C:\Java\jdk1.8.0_192\jre\lib\endorsed"/>
    <property name="os.arch" value="amd64"/>
    <property name="java.io.tmpdir" value="C:\Users\zeyan\AppData\Local\Temp\"/>
    <property name="line.separator" value="&#10;"/>
    <property name="java.vm.specification.vendor" value="Oracle Corporation"/>
    <property name="user.variant" value=""/>
    <property name="os.name" value="Windows 10"/>
    <property name="classworlds.conf" value="C:\Users\zeyan\cst8277-eclipse-workspace\.metadata\.plugins\org.eclipse.m2e.launching\launches\m2conf5381541057122313842.tmp"/>
    <property name="sun.jnu.encoding" value="Cp1252"/>
    <property name="java.library.path" value="C:\Java\jdk1.8.0_192\bin;C:\WINDOWS\Sun\Java\bin;C:\WINDOWS\system32;C:\WINDOWS;C:/Java/jdk1.8.0_192/bin/../jre/bin/server;C:/Java/jdk1.8.0_192/bin/../jre/bin;C:/Java/jdk1.8.0_192/bin/../jre/lib/amd64;D:\app\zeyan\product\12.1.0\dbhome_1\bin;C:\Java\jdk1.8.0_192\bin;C:\Program Files (x86)\Common Files\Oracle\Java\javapath;C:\Users\zeyan\apache-maven-3.5.3\bin;C:\oraclexe\app\oracle\product\11.2.0\server\bin;C:\Program Files (x86)\Intel\iCLS Client\;C:\Program Files\Intel\iCLS Client\;C:\Windows\system32;C:\Windows;C:\Windows\System32\Wbem;C:\Windows\System32\WindowsPowerShell\v1.0\;C:\Program Files (x86)\Intel\Intel(R) Management Engine Components\DAL;C:\Program Files\Intel\Intel(R) Management Engine Components\DAL;C:\Program Files (x86)\Intel\Intel(R) Management Engine Components\IPT;C:\Program Files\Intel\Intel(R) Management Engine Components\IPT;C:\Program Files (x86)\NVIDIA Corporation\PhysX\Common;C:\WINDOWS\system32;C:\WINDOWS;C:\WINDOWS\System32\Wbem;C:\WINDOWS\System32\WindowsPowerShell\v1.0\;C:\Program Files\Intel\WiFi\bin\;C:\Program Files\Common Files\Intel\WirelessCommon\;C:\WINDOWS\System32\OpenSSH\;C:\Program Files\nodejs\;C:\Users\zeyan\AppData\Local\Microsoft\WindowsApps;C:\Users\zeyan\AppData\Roaming\npm;C:\Users\zeyan\AppData\Local\atom\bin;C:\Users\zeyan\cst8277-eclipse\eclipse;;."/>
    <property name="java.specification.name" value="Java Platform API Specification"/>
    <property name="java.class.version" value="52.0"/>
    <property name="sun.management.compiler" value="HotSpot 64-Bit Tiered Compilers"/>
    <property name="os.version" value="10.0"/>
    <property name="user.home" value="C:\Users\zeyan"/>
    <property name="user.timezone" value="America/New_York"/>
    <property name="java.awt.printerjob" value="sun.awt.windows.WPrinterJob"/>
    <property name="java.specification.version" value="1.8"/>
    <property name="file.encoding" value="Cp1252"/>
    <property name="user.name" value="zeyan"/>
    <property name="java.class.path" value="C:\Users\zeyan\cst8277-eclipse\eclipse\plugins\org.eclipse.m2e.maven.runtime_1.10.0.20181127-2120\jars\plexus-classworlds-2.5.2.jar"/>
    <property name="java.vm.specification.version" value="1.8"/>
    <property name="sun.arch.data.model" value="64"/>
    <property name="java.home" value="C:\Java\jdk1.8.0_192\jre"/>
    <property name="sun.java.command" value="org.codehaus.plexus.classworlds.launcher.Launcher -B test site"/>
    <property name="java.specification.vendor" value="Oracle Corporation"/>
    <property name="user.language" value="en"/>
    <property name="awt.toolkit" value="sun.awt.windows.WToolkit"/>
    <property name="java.vm.info" value="mixed mode"/>
    <property name="java.version" value="1.8.0_192"/>
    <property name="java.ext.dirs" value="C:\Java\jdk1.8.0_192\jre\lib\ext;C:\WINDOWS\Sun\Java\lib\ext"/>
    <property name="sun.boot.class.path" value="C:\Java\jdk1.8.0_192\jre\lib\resources.jar;C:\Java\jdk1.8.0_192\jre\lib\rt.jar;C:\Java\jdk1.8.0_192\jre\lib\sunrsasign.jar;C:\Java\jdk1.8.0_192\jre\lib\jsse.jar;C:\Java\jdk1.8.0_192\jre\lib\jce.jar;C:\Java\jdk1.8.0_192\jre\lib\charsets.jar;C:\Java\jdk1.8.0_192\jre\lib\jfr.jar;C:\Java\jdk1.8.0_192\jre\classes"/>
    <property name="java.vendor" value="Oracle Corporation"/>
    <property name="maven.home" value="C:\Users\zeyan\cst8277RestDemo\EMBEDDED"/>
    <property name="file.separator" value="\"/>
    <property name="java.vendor.url.bug" value="http://bugreport.sun.com/bugreport/"/>
    <property name="sun.cpu.endian" value="little"/>
    <property name="sun.io.unicode.encoding" value="UnicodeLittle"/>
    <property name="sun.desktop" value="windows"/>
    <property name="sun.cpu.isalist" value="amd64"/>
  </properties>
  <testcase name="A_test_empty_tables_at_start" classname="com.algonquincollege.cst8277.models.PlatformUserRoleTestSuite" time="0.062"/>
  <testcase name="B_create_PlatformUser_sucesss_without_a_PlatformRole" classname="com.algonquincollege.cst8277.models.PlatformUserRoleTestSuite" time="0.019"/>
  <testcase name="C_create_PlatformUser_sucesss_with_a_PlatformRole" classname="com.algonquincollege.cst8277.models.PlatformUserRoleTestSuite" time="0.029"/>
  <testcase name="D_create_PlatformUser_success_with_multiple_PlatformRoles" classname="com.algonquincollege.cst8277.models.PlatformUserRoleTestSuite" time="0.021"/>
  <testcase name="E_create_PlatformRole_sucesss_without_a_PlatformUser" classname="com.algonquincollege.cst8277.models.PlatformUserRoleTestSuite" time="0.008"/>
  <testcase name="F_create_PlatformRole_sucesss_with_a_PlatformUser" classname="com.algonquincollege.cst8277.models.PlatformUserRoleTestSuite" time="0.01"/>
  <testcase name="G_create_PlatformRole_sucesss_with_multiple_PlatformUsers" classname="com.algonquincollege.cst8277.models.PlatformUserRoleTestSuite" time="0.017"/>
  <testcase name="H_update_PlatformUser_sucesss_scenario_a_PlatformUser_gets_new_PlatformRole" classname="com.algonquincollege.cst8277.models.PlatformUserRoleTestSuite" time="0.015"/>
  <testcase name="I_update_PlatformRole_sucesss_scenario_a_PlatformRole_ties_to_new_PlatformUser" classname="com.algonquincollege.cst8277.models.PlatformUserRoleTestSuite" time="0.023"/>
  <testcase name="J_delete_PlatformUser_sucesss_scenario_PlatformRole_is_without_any_PlatformUser" classname="com.algonquincollege.cst8277.models.PlatformUserRoleTestSuite" time="0.014"/>
  <testcase name="K_delete_PlatformRole_success_scenario_PlatformRole_removed" classname="com.algonquincollege.cst8277.models.PlatformUserRoleTestSuite" time="0.019"/>
  <testcase name="L_read_PlatformRole_sucesss_scenario_count_of_PlatformRoles_for_a_PlatformUser" classname="com.algonquincollege.cst8277.models.PlatformUserRoleTestSuite" time="0.015"/>
  <testcase name="M_read_PlatformUser_sucesss_scenario_count_of_PlatformUsers_for_a_PlatformRole" classname="com.algonquincollege.cst8277.models.PlatformUserRoleTestSuite" time="0.018"/>
</testsuite>